<?xml version="1.0" encoding="UTF-8"?>
<!-- Generated by org.testng.reporters.JUnitReportReporter -->
<testsuite skipped="0" hostname="DESKTOP-I3I08VO" name="com.inetbanking.testCases.TC_Logintest_001" tests="1" failures="0" timestamp="2020-05-31T16:35:54 IST" time="1.671" errors="0">
  <testcase name="loginTest" time="1.671" classname="com.inetbanking.testCases.TC_Logintest_001"/>
  <system-out/>
</testsuite> <!-- com.inetbanking.testCases.TC_Logintest_001 -->
