<?xml version="1.0" encoding="UTF-8"?>
<!-- Generated by org.testng.reporters.JUnitReportReporter -->
<testsuite skipped="0" hostname="DESKTOP-I3I08VO" name="com.inetbanking.testCases.TC_Logintest_001" tests="1" failures="0" timestamp="31 May 2020 16:48:02 GMT" time="9.027" errors="0">
  <testcase name="loginTest" time="9.027" classname="com.inetbanking.testCases.TC_Logintest_001"/>
</testsuite> <!-- com.inetbanking.testCases.TC_Logintest_001 -->
